
1) Add Data
2) Display Data
3) Remove Zip
4) Load XML
5) Write XML
6) Find a Cars of Make in Zip
7) Find a Service
8) Total Value Insured
9) Insurance For
0) Quit

Choice:> what zip code:> 
what element (owner, car shop ):> name:> 
what element (vehicle, claim):> make:> model:> year:> value:> Added Vehicle
Add another Owner element (y/n):> Added Owner
Add another zip code element (y/n):> 
1) Add Data
2) Display Data
3) Remove Zip
4) Load XML
5) Write XML
6) Find a Cars of Make in Zip
7) Find a Service
8) Total Value Insured
9) Insurance For
0) Quit

Choice:> what zip code:> 
what element (owner, car shop ):> name:> 
what element (vehicle, claim):> date:> Added Claim
Add another Owner element (y/n):> Added Owner
Add another zip code element (y/n):> 
1) Add Data
2) Display Data
3) Remove Zip
4) Load XML
5) Write XML
6) Find a Cars of Make in Zip
7) Find a Service
8) Total Value Insured
9) Insurance For
0) Quit

Choice:> Zip Code: 57701
======================================================
  *****************************************************
  Harold
  Vehicle(s)
    Vehicle: Make: Ford      Model: Taurus    Year: 2015      Value: $1000      
  Claim(s)

  *****************************************************



Zip Code: 57702
======================================================
  *****************************************************
  Bob
  Vehicle(s)

  Claim(s)
    Claim: 12-16-2016
  *****************************************************



1) Add Data
2) Display Data
3) Remove Zip
4) Load XML
5) Write XML
6) Find a Cars of Make in Zip
7) Find a Service
8) Total Value Insured
9) Insurance For
0) Quit

Choice:> what zip code:> Removed 57701

1) Add Data
2) Display Data
3) Remove Zip
4) Load XML
5) Write XML
6) Find a Cars of Make in Zip
7) Find a Service
8) Total Value Insured
9) Insurance For
0) Quit

Choice:> Zip Code: 57702
======================================================
  *****************************************************
  Bob
  Vehicle(s)

  Claim(s)
    Claim: 12-16-2016
  *****************************************************



1) Add Data
2) Display Data
3) Remove Zip
4) Load XML
5) Write XML
6) Find a Cars of Make in Zip
7) Find a Service
8) Total Value Insured
9) Insurance For
0) Quit

Choice:> what zip code:> Zip Code not found

1) Add Data
2) Display Data
3) Remove Zip
4) Load XML
5) Write XML
6) Find a Cars of Make in Zip
7) Find a Service
8) Total Value Insured
9) Insurance For
0) Quit

Choice:> Zip Code: 57702
======================================================
  *****************************************************
  Bob
  Vehicle(s)

  Claim(s)
    Claim: 12-16-2016
  *****************************************************



1) Add Data
2) Display Data
3) Remove Zip
4) Load XML
5) Write XML
6) Find a Cars of Make in Zip
7) Find a Service
8) Total Value Insured
9) Insurance For
0) Quit

Choice:> what zip code:> Removed 57702

1) Add Data
2) Display Data
3) Remove Zip
4) Load XML
5) Write XML
6) Find a Cars of Make in Zip
7) Find a Service
8) Total Value Insured
9) Insurance For
0) Quit

Choice:> 
1) Add Data
2) Display Data
3) Remove Zip
4) Load XML
5) Write XML
6) Find a Cars of Make in Zip
7) Find a Service
8) Total Value Insured
9) Insurance For
0) Quit

Choice:> what zip code:> 
what element (owner, car shop ):> name:> code:> description:> Add another element (y/n):> Added Car Shop
Add another zip code element (y/n):> 
1) Add Data
2) Display Data
3) Remove Zip
4) Load XML
5) Write XML
6) Find a Cars of Make in Zip
7) Find a Service
8) Total Value Insured
9) Insurance For
0) Quit

Choice:> Zip Code: 57702
======================================================

  .....................................................
  Car Shop: Easy Fix
    (1) Oil change: $36
  .....................................................


1) Add Data
2) Display Data
3) Remove Zip
4) Load XML
5) Write XML
6) Find a Cars of Make in Zip
7) Find a Service
8) Total Value Insured
9) Insurance For
0) Quit

Choice:> what zip code:> Removed 57702

1) Add Data
2) Display Data
3) Remove Zip
4) Load XML
5) Write XML
6) Find a Cars of Make in Zip
7) Find a Service
8) Total Value Insured
9) Insurance For
0) Quit

Choice:> 
1) Add Data
2) Display Data
3) Remove Zip
4) Load XML
5) Write XML
6) Find a Cars of Make in Zip
7) Find a Service
8) Total Value Insured
9) Insurance For
0) Quit

Choice:> 