 
1) Add Data 
2) Display Data 
3) Remove Zip 
4) Load XML 
5) Write XML 
6) Find a Cars of Make in Zip 
7) Find a Service 
8) Total Value Insured 
9) Insurance For 
0) Quit 
 
Choice:> [34;1m1[0m
What Zip Code:> [34;1m57701[0m
 
What Element (Owner, Car Shop ):> [34;1mowner[0m
Name:> [34;1mHarold[0m
 
What Element (Vehicle, Claim):> [34;1mvehicle[0m
Make:> [34;1mFord[0m
Model:> [34;1mTaurus[0m
Year:> [34;1m2015[0m
Value:> [34;1m1000[0m
Added Vehicle 
Add another Owner element (y/n):> [34;1mn[0m
Added Owner 
Add another Zip Code element (y/n):> [34;1mn[0m
 
1) Add Data 
2) Display Data 
3) Remove Zip 
4) Load XML 
5) Write XML 
6) Find a Cars of Make in Zip 
7) Find a Service 
8) Total Value Insured 
9) Insurance For 
0) Quit 
 
Choice:> [34;1m1[0m
What Zip Code:> [34;1m57702[0m
 
What Element (Owner, Car Shop ):> [34;1mowner[0m
Name:> [34;1mBob[0m
 
What Element (Vehicle, Claim):> [34;1mclaim[0m
Date:> [34;1m12-16-2016[0m
Added Claim 
Add another Owner element (y/n):> [34;1mn[0m
Added Owner 
Add another Zip Code element (y/n):> [34;1mn[0m
 
1) Add Data 
2) Display Data 
3) Remove Zip 
4) Load XML 
5) Write XML 
6) Find a Cars of Make in Zip 
7) Find a Service 
8) Total Value Insured 
9) Insurance For 
0) Quit 
 
Choice:> [34;1m2[0m
 
Zip Code: 57701  
====================================================== 
  ***************************************************** 
  Harold  
  Vehicle(s)  
    Vehicle: Make: Ford      Model: Taurus    Year: 2015      Value: $1000       
  Claim(s)  
 
  ***************************************************** 
Zip Code: 57702  
====================================================== 
  ***************************************************** 
  Bob  
  Vehicle(s)  
 
  Claim(s)  
    Claim: 12-16-2016 
  ***************************************************** 
 
1) Add Data 
2) Display Data 
3) Remove Zip 
4) Load XML 
5) Write XML 
6) Find a Cars of Make in Zip 
7) Find a Service 
8) Total Value Insured 
9) Insurance For 
0) Quit 
 
Choice:> [34;1m3[0m
What Zip Code:> [34;1m57701[0m
Removed 57701 
 
1) Add Data 
2) Display Data 
3) Remove Zip 
4) Load XML 
5) Write XML 
6) Find a Cars of Make in Zip 
7) Find a Service 
8) Total Value Insured 
9) Insurance For 
0) Quit 
 
Choice:> [34;1m2[0m
 
Zip Code: 57702  
====================================================== 
  ***************************************************** 
  Bob  
  Vehicle(s)  
 
  Claim(s)  
    Claim: 12-16-2016 
  ***************************************************** 
 
1) Add Data 
2) Display Data 
3) Remove Zip 
4) Load XML 
5) Write XML 
6) Find a Cars of Make in Zip 
7) Find a Service 
8) Total Value Insured 
9) Insurance For 
0) Quit 
 
Choice:> [34;1m3[0m
What Zip Code:> [34;1m57701[0m
Zip Code not found 
 
1) Add Data 
2) Display Data 
3) Remove Zip 
4) Load XML 
5) Write XML 
6) Find a Cars of Make in Zip 
7) Find a Service 
8) Total Value Insured 
9) Insurance For 
0) Quit 
 
Choice:> [34;1m2[0m
 
Zip Code: 57702  
====================================================== 
  ***************************************************** 
  Bob  
  Vehicle(s)  
 
  Claim(s)  
    Claim: 12-16-2016 
  ***************************************************** 
 
1) Add Data 
2) Display Data 
3) Remove Zip 
4) Load XML 
5) Write XML 
6) Find a Cars of Make in Zip 
7) Find a Service 
8) Total Value Insured 
9) Insurance For 
0) Quit 
 
Choice:> [34;1m3[0m
What Zip Code:> [34;1m57702[0m
Removed 57702 
 
1) Add Data 
2) Display Data 
3) Remove Zip 
4) Load XML 
5) Write XML 
6) Find a Cars of Make in Zip 
7) Find a Service 
8) Total Value Insured 
9) Insurance For 
0) Quit 
 
Choice:> [34;1m2[0m
 
 
 
1) Add Data 
2) Display Data 
3) Remove Zip 
4) Load XML 
5) Write XML 
6) Find a Cars of Make in Zip 
7) Find a Service 
8) Total Value Insured 
9) Insurance For 
0) Quit 
 
Choice:> [34;1m1[0m
What Zip Code:> [34;1m57702[0m
 
What Element (Owner, Car Shop ):> [34;1mcar shop[0m
Name:> [34;1mEasy Fix[0m
Code:> [34;1m1[0m
Description:> [34;1mOil change: $36[0m
Add another element (y/n):> [34;1mn[0m
Added Car Shop 
Add another Zip Code element (y/n):> [34;1mn[0m
 
1) Add Data 
2) Display Data 
3) Remove Zip 
4) Load XML 
5) Write XML 
6) Find a Cars of Make in Zip 
7) Find a Service 
8) Total Value Insured 
9) Insurance For 
0) Quit 
 
Choice:> [34;1m2[0m
 
Zip Code: 57702  
====================================================== 
  ..................................................... 
  Car Shop: Easy Fix 
    (1) Oil change: $36 
  ..................................................... 
 
1) Add Data 
2) Display Data 
3) Remove Zip 
4) Load XML 
5) Write XML 
6) Find a Cars of Make in Zip 
7) Find a Service 
8) Total Value Insured 
9) Insurance For 
0) Quit 
 
Choice:> [34;1m3[0m
What Zip Code:> [34;1m57702[0m
Removed 57702 
 
1) Add Data 
2) Display Data 
3) Remove Zip 
4) Load XML 
5) Write XML 
6) Find a Cars of Make in Zip 
7) Find a Service 
8) Total Value Insured 
9) Insurance For 
0) Quit 
 
Choice:> [34;1m2[0m
 
 
 
1) Add Data 
2) Display Data 
3) Remove Zip 
4) Load XML 
5) Write XML 
6) Find a Cars of Make in Zip 
7) Find a Service 
8) Total Value Insured 
9) Insurance For 
0) Quit 
 
Choice:> [34;1m0[0m
 
