 
1) Add Data 
2) Display Data 
3) Remove Zip 
4) Load XML 
5) Write XML 
6) Find a Cars of Make in Zip 
7) Find a Service 
8) Total Value Insured 
9) Insurance For 
0) Quit 
 
Choice:> [34;1m4[0m
File name:> [34;1mfullClean.xml[0m
 
1) Add Data 
2) Display Data 
3) Remove Zip 
4) Load XML 
5) Write XML 
6) Find a Cars of Make in Zip 
7) Find a Service 
8) Total Value Insured 
9) Insurance For 
0) Quit 
 
Choice:> [34;1m7[0m
Car Service:> [34;1m22[0m
22 found in 57702 
 
1) Add Data 
2) Display Data 
3) Remove Zip 
4) Load XML 
5) Write XML 
6) Find a Cars of Make in Zip 
7) Find a Service 
8) Total Value Insured 
9) Insurance For 
0) Quit 
 
Choice:> [34;1m7[0m
Car Service:> [34;1m1[0m
1 found in 57703 
 
1) Add Data 
2) Display Data 
3) Remove Zip 
4) Load XML 
5) Write XML 
6) Find a Cars of Make in Zip 
7) Find a Service 
8) Total Value Insured 
9) Insurance For 
0) Quit 
 
Choice:> [34;1m7[0m
Car Service:> [34;1m75[0m
75 found in 57704 
 
1) Add Data 
2) Display Data 
3) Remove Zip 
4) Load XML 
5) Write XML 
6) Find a Cars of Make in Zip 
7) Find a Service 
8) Total Value Insured 
9) Insurance For 
0) Quit 
 
Choice:> [34;1m7[0m
Car Service:> [34;1m100[0m
100 not found 
 
1) Add Data 
2) Display Data 
3) Remove Zip 
4) Load XML 
5) Write XML 
6) Find a Cars of Make in Zip 
7) Find a Service 
8) Total Value Insured 
9) Insurance For 
0) Quit 
 
Choice:> [34;1m1[0m
what zip code:> [34;1m57706[0m
 
what element (owner, car shop ):> [34;1mcar shop[0m
name:> [34;1mAAA[0m
code:> [34;1m100[0m
description:> [34;1mWindow Tint[0m
Add another element (y/n):> [34;1mn[0m
Added Car Shop 
Add another zip code element (y/n):> [34;1mn[0m
 
1) Add Data 
2) Display Data 
3) Remove Zip 
4) Load XML 
5) Write XML 
6) Find a Cars of Make in Zip 
7) Find a Service 
8) Total Value Insured 
9) Insurance For 
0) Quit 
 
Choice:> [34;1m7[0m
Car Service:> [34;1m100[0m
100 found in 57706 
 
1) Add Data 
2) Display Data 
3) Remove Zip 
4) Load XML 
5) Write XML 
6) Find a Cars of Make in Zip 
7) Find a Service 
8) Total Value Insured 
9) Insurance For 
0) Quit 
 
Choice:> [34;1m0[0m
 
