
1) Add Data
2) Display Data
3) Remove Zip
4) Load XML
5) Write XML
6) Find a Cars of Make in Zip
7) Find a Service
8) Total Value Insured
9) Insurance For
0) Quit

Choice:> File name:> 
1) Add Data
2) Display Data
3) Remove Zip
4) Load XML
5) Write XML
6) Find a Cars of Make in Zip
7) Find a Service
8) Total Value Insured
9) Insurance For
0) Quit

Choice:> What Zip Code:> Value: $100,504.00

1) Add Data
2) Display Data
3) Remove Zip
4) Load XML
5) Write XML
6) Find a Cars of Make in Zip
7) Find a Service
8) Total Value Insured
9) Insurance For
0) Quit

Choice:> What Zip Code:> Value: $0.00

1) Add Data
2) Display Data
3) Remove Zip
4) Load XML
5) Write XML
6) Find a Cars of Make in Zip
7) Find a Service
8) Total Value Insured
9) Insurance For
0) Quit

Choice:> What Zip Code:> Value: $44,500.00

1) Add Data
2) Display Data
3) Remove Zip
4) Load XML
5) Write XML
6) Find a Cars of Make in Zip
7) Find a Service
8) Total Value Insured
9) Insurance For
0) Quit

Choice:> 