 
1) Add Data 
2) Display Data 
3) Remove Zip 
4) Load XML 
5) Write XML 
6) Find a Cars of Make in Zip 
7) Find a Service 
8) Total Value Insured 
9) Insurance For 
0) Quit 
 
Choice:> [34;1m4[0m
File name:> [34;1mfullClean.xml[0m
 
1) Add Data 
2) Display Data 
3) Remove Zip 
4) Load XML 
5) Write XML 
6) Find a Cars of Make in Zip 
7) Find a Service 
8) Total Value Insured 
9) Insurance For 
0) Quit 
 
Choice:> [34;1m9[0m
What Zip Code:> [34;1m57702[0m
What Owner:> [34;1mbob[0m
Monthly payment: $122.01 
 
1) Add Data 
2) Display Data 
3) Remove Zip 
4) Load XML 
5) Write XML 
6) Find a Cars of Make in Zip 
7) Find a Service 
8) Total Value Insured 
9) Insurance For 
0) Quit 
 
Choice:> [34;1m9[0m
What Zip Code:> [34;1m57702[0m
What Owner:> [34;1mbobby[0m
Monthly payment: $99.00 
 
1) Add Data 
2) Display Data 
3) Remove Zip 
4) Load XML 
5) Write XML 
6) Find a Cars of Make in Zip 
7) Find a Service 
8) Total Value Insured 
9) Insurance For 
0) Quit 
 
Choice:> [34;1m9[0m
What Zip Code:> [34;1m57702[0m
What Owner:> [34;1mBRUCE[0m
Monthly payment: $200.00 
 
1) Add Data 
2) Display Data 
3) Remove Zip 
4) Load XML 
5) Write XML 
6) Find a Cars of Make in Zip 
7) Find a Service 
8) Total Value Insured 
9) Insurance For 
0) Quit 
 
Choice:> [34;1m9[0m
What Zip Code:> [34;1m57704[0m
What Owner:> [34;1mPhil[0m
Monthly payment: $74.50 
 
1) Add Data 
2) Display Data 
3) Remove Zip 
4) Load XML 
5) Write XML 
6) Find a Cars of Make in Zip 
7) Find a Service 
8) Total Value Insured 
9) Insurance For 
0) Quit 
 
Choice:> [34;1m0[0m
 
