 
1) Add Data 
2) Display Data 
3) Remove Zip 
4) Load XML 
5) Write XML 
6) Find a Cars of Make in Zip 
7) Find a Service 
8) Total Value Insured 
9) Insurance For 
0) Quit 
 
Choice:> [34;1m4[0m
File name:> [34;1mfullClean.xml[0m
 
1) Add Data 
2) Display Data 
3) Remove Zip 
4) Load XML 
5) Write XML 
6) Find a Cars of Make in Zip 
7) Find a Service 
8) Total Value Insured 
9) Insurance For 
0) Quit 
 
Choice:> [34;1m2[0m
 
Zip Code: 57702  
====================================================== 
  ***************************************************** 
  Bob  
  Vehicle(s)  
    Vehicle: Make: Ford      Model: Taurus    Year: 2005      Value: $1500       
    Vehicle: Make: Mazda     Model: 5         Year: 2015      Value: $22502      
  Claim(s)  
    Claim: 12-16-2016 
  ***************************************************** 
  ***************************************************** 
  Bobby  
  Vehicle(s)  
    Vehicle: Make: GM        Model: Saturn    Year: 2005      Value: $1500       
    Vehicle: Make: Mazda     Model: 5         Year: 2015      Value: $20002      
    Vehicle: Make: Mazda     Model: 5         Year: 2005      Value: $2500       
  Claim(s)  
 
  ***************************************************** 
  ***************************************************** 
  Bruce  
  Vehicle(s)  
    Vehicle: Make: Honda     Model: HR-V      Year: 2010      Value: $1500       
    Vehicle: Make: Tesla     Model: 3         Year: 2015      Value: $28500      
  Claim(s)  
    Claim: 2-29-2015 
    Claim: 12-12-2020 
  ***************************************************** 
  ***************************************************** 
  Clark  
  Vehicle(s)  
    Vehicle: Make: Ford      Model: F150      Year: 2009      Value: $22500      
  Claim(s)  
 
  ***************************************************** 
  ..................................................... 
  Car Shop: AAA 
    (22) Tire change: $175 
  ..................................................... 
Zip Code: 57703  
====================================================== 
  ..................................................... 
  Car Shop: Easy Fix 
    (1) Oil change: $36 
  ..................................................... 
Zip Code: 57704  
====================================================== 
  ***************************************************** 
  Patty  
  Vehicle(s)  
    Vehicle: Make: Honda     Model: HR-V      Year: 2010      Value: $1500       
    Vehicle: Make: Chevrolet Model: Impala    Year: 2015      Value: $18500      
  Claim(s)  
    Claim: 12-12-2020 
    Claim: 2-29-2015 
  ***************************************************** 
  ***************************************************** 
  Phil  
  Vehicle(s)  
    Vehicle: Make: Toyota    Model: Tundra    Year: 2012      Value: $22000      
    Vehicle: Make: Ford      Model: F150      Year: 2000      Value: $2500       
  Claim(s)  
 
  ***************************************************** 
  ..................................................... 
  Car Shop: Bob's Fix It 
    (1) Oil change: $45 
    (22) Tire change: $150 
    (12) New battery: $110 
  ..................................................... 
  ..................................................... 
  Car Shop: ABC Car Repair 
    (75) Hail repair 
  ..................................................... 
 
1) Add Data 
2) Display Data 
3) Remove Zip 
4) Load XML 
5) Write XML 
6) Find a Cars of Make in Zip 
7) Find a Service 
8) Total Value Insured 
9) Insurance For 
0) Quit 
 
Choice:> [34;1m1[0m
What Zip Code:> [34;1m57701[0m
 
What Element (Owner, Car Shop ):> [34;1mowner[0m
Name:> [34;1mHarold[0m
 
What Element (Vehicle, Claim):> [34;1mvehicle[0m
Make:> [34;1mFord[0m
Model:> [34;1mTaurus[0m
Year:> [34;1m2015[0m
Value:> [34;1m1000[0m
Added Vehicle 
Add another Owner element (y/n):> [34;1my[0m
 
What Element (Vehicle, Claim):> [34;1mc[0m
Date:> [34;1m2-29-2015[0m
Added Claim 
Add another Owner element (y/n):> [34;1mn[0m
Added Owner 
Add another Zip Code element (y/n):> [34;1mY[0m
 
What Element (Owner, Car Shop ):> [34;1mcar shop[0m
Name:> [34;1mBob's Fix It[0m
Code:> [34;1m1[0m
Description:> [34;1mOil change: $36[0m
Add another element (y/n):> [34;1my[0m
Code:> [34;1m22[0m
Description:> [34;1mTire change: $150[0m
Add another element (y/n):> [34;1mn[0m
Added Car Shop 
Add another Zip Code element (y/n):> [34;1mn[0m
 
1) Add Data 
2) Display Data 
3) Remove Zip 
4) Load XML 
5) Write XML 
6) Find a Cars of Make in Zip 
7) Find a Service 
8) Total Value Insured 
9) Insurance For 
0) Quit 
 
Choice:> [34;1m5[0m
File name:> [34;1mtier3_Out.xml[0m
 
1) Add Data 
2) Display Data 
3) Remove Zip 
4) Load XML 
5) Write XML 
6) Find a Cars of Make in Zip 
7) Find a Service 
8) Total Value Insured 
9) Insurance For 
0) Quit 
 
Choice:> [34;1m3[0m
What Zip Code:> [34;1m57701[0m
Removed 57701 
 
1) Add Data 
2) Display Data 
3) Remove Zip 
4) Load XML 
5) Write XML 
6) Find a Cars of Make in Zip 
7) Find a Service 
8) Total Value Insured 
9) Insurance For 
0) Quit 
 
Choice:> [34;1m3[0m
What Zip Code:> [34;1m57702[0m
Removed 57702 
 
1) Add Data 
2) Display Data 
3) Remove Zip 
4) Load XML 
5) Write XML 
6) Find a Cars of Make in Zip 
7) Find a Service 
8) Total Value Insured 
9) Insurance For 
0) Quit 
 
Choice:> [34;1m3[0m
What Zip Code:> [34;1m57703[0m
Removed 57703 
 
1) Add Data 
2) Display Data 
3) Remove Zip 
4) Load XML 
5) Write XML 
6) Find a Cars of Make in Zip 
7) Find a Service 
8) Total Value Insured 
9) Insurance For 
0) Quit 
 
Choice:> [34;1m3[0m
What Zip Code:> [34;1m57704[0m
Removed 57704 
 
1) Add Data 
2) Display Data 
3) Remove Zip 
4) Load XML 
5) Write XML 
6) Find a Cars of Make in Zip 
7) Find a Service 
8) Total Value Insured 
9) Insurance For 
0) Quit 
 
Choice:> [34;1m4[0m
File name:> [34;1mtier3_Out.xml[0m
 
1) Add Data 
2) Display Data 
3) Remove Zip 
4) Load XML 
5) Write XML 
6) Find a Cars of Make in Zip 
7) Find a Service 
8) Total Value Insured 
9) Insurance For 
0) Quit 
 
Choice:> [34;1m2[0m
 
Zip Code: 57702  
====================================================== 
  ***************************************************** 
  Bob  
  Vehicle(s)  
    Vehicle: Make: Ford      Model: Taurus    Year: 2005      Value: $1500       
    Vehicle: Make: Mazda     Model: 5         Year: 2015      Value: $22502      
  Claim(s)  
    Claim: 12-16-2016 
  ***************************************************** 
  ***************************************************** 
  Bobby  
  Vehicle(s)  
    Vehicle: Make: GM        Model: Saturn    Year: 2005      Value: $1500       
    Vehicle: Make: Mazda     Model: 5         Year: 2015      Value: $20002      
    Vehicle: Make: Mazda     Model: 5         Year: 2005      Value: $2500       
  Claim(s)  
 
  ***************************************************** 
  ***************************************************** 
  Bruce  
  Vehicle(s)  
    Vehicle: Make: Honda     Model: HR-V      Year: 2010      Value: $1500       
    Vehicle: Make: Tesla     Model: 3         Year: 2015      Value: $28500      
  Claim(s)  
    Claim: 2-29-2015 
    Claim: 12-12-2020 
  ***************************************************** 
  ***************************************************** 
  Clark  
  Vehicle(s)  
    Vehicle: Make: Ford      Model: F150      Year: 2009      Value: $22500      
  Claim(s)  
 
  ***************************************************** 
  ..................................................... 
  Car Shop: AAA 
    (22) Tire change: $175 
  ..................................................... 
Zip Code: 57703  
====================================================== 
  ..................................................... 
  Car Shop: Easy Fix 
    (1) Oil change: $36 
  ..................................................... 
Zip Code: 57704  
====================================================== 
  ***************************************************** 
  Patty  
  Vehicle(s)  
    Vehicle: Make: Honda     Model: HR-V      Year: 2010      Value: $1500       
    Vehicle: Make: Chevrolet Model: Impala    Year: 2015      Value: $18500      
  Claim(s)  
    Claim: 12-12-2020 
    Claim: 2-29-2015 
  ***************************************************** 
  ***************************************************** 
  Phil  
  Vehicle(s)  
    Vehicle: Make: Toyota    Model: Tundra    Year: 2012      Value: $22000      
    Vehicle: Make: Ford      Model: F150      Year: 2000      Value: $2500       
  Claim(s)  
 
  ***************************************************** 
  ..................................................... 
  Car Shop: Bob's Fix It 
    (1) Oil change: $45 
    (22) Tire change: $150 
    (12) New battery: $110 
  ..................................................... 
  ..................................................... 
  Car Shop: ABC Car Repair 
    (75) Hail repair 
  ..................................................... 
Zip Code: 57701  
====================================================== 
  ***************************************************** 
  Harold  
  Vehicle(s)  
    Vehicle: Make: Ford      Model: Taurus    Year: 2015      Value: $1000       
  Claim(s)  
    Claim: 2-29-2015 
  ***************************************************** 
  ..................................................... 
  Car Shop: Bob's Fix It 
    (1) Oil change: $36 
    (22) Tire change: $150 
  ..................................................... 
 
1) Add Data 
2) Display Data 
3) Remove Zip 
4) Load XML 
5) Write XML 
6) Find a Cars of Make in Zip 
7) Find a Service 
8) Total Value Insured 
9) Insurance For 
0) Quit 
 
Choice:> [34;1m0[0m
 
