 
1) Add Data 
2) Display Data 
3) Remove Zip 
4) Load XML 
5) Write XML 
6) Find a Cars of Make in Zip 
7) Find a Service 
8) Total Value Insured 
9) Insurance For 
0) Quit 
 
Choice:> [34;1m4[0m
File name:> [34;1mfullClean.xml[0m
 
1) Add Data 
2) Display Data 
3) Remove Zip 
4) Load XML 
5) Write XML 
6) Find a Cars of Make in Zip 
7) Find a Service 
8) Total Value Insured 
9) Insurance For 
0) Quit 
 
Choice:> [34;1m8[0m
What Zip Code:> [34;1m57702[0m
Value: $100,504.00 
 
 
1) Add Data 
2) Display Data 
3) Remove Zip 
4) Load XML 
5) Write XML 
6) Find a Cars of Make in Zip 
7) Find a Service 
8) Total Value Insured 
9) Insurance For 
0) Quit 
 
Choice:> [34;1m8[0m
What Zip Code:> [34;1m57703[0m
Value: $0.00 
 
 
1) Add Data 
2) Display Data 
3) Remove Zip 
4) Load XML 
5) Write XML 
6) Find a Cars of Make in Zip 
7) Find a Service 
8) Total Value Insured 
9) Insurance For 
0) Quit 
 
Choice:> [34;1m8[0m
What Zip Code:> [34;1m57704[0m
Value: $44,500.00 
 
 
1) Add Data 
2) Display Data 
3) Remove Zip 
4) Load XML 
5) Write XML 
6) Find a Cars of Make in Zip 
7) Find a Service 
8) Total Value Insured 
9) Insurance For 
0) Quit 
 
Choice:> [34;1m0[0m
 
