
1) Add Data
2) Display Data
3) Remove Zip
4) Load XML
5) Write XML
6) Find a Cars of Make in Zip
7) Find a Service
8) Total Value Insured
9) Insurance For
0) Quit

Choice:> what zip code:> 
what element (owner, car shop ):> name:> 
what element (vehicle, claim):> make:> model:> year:> value:> Added Vehicle
Add another Owner element (y/n):> Added Owner
Add another zip code element (y/n):> 
1) Add Data
2) Display Data
3) Remove Zip
4) Load XML
5) Write XML
6) Find a Cars of Make in Zip
7) Find a Service
8) Total Value Insured
9) Insurance For
0) Quit

Choice:> what zip code:> 
what element (owner, car shop ):> name:> 
what element (vehicle, claim):> date:> Added Claim
Add another Owner element (y/n):> Added Owner
Add another zip code element (y/n):> 
1) Add Data
2) Display Data
3) Remove Zip
4) Load XML
5) Write XML
6) Find a Cars of Make in Zip
7) Find a Service
8) Total Value Insured
9) Insurance For
0) Quit

Choice:> what zip code:> 
what element (owner, car shop ):> name:> code:> description:> Add another element (y/n):> Added Car Shop
Add another zip code element (y/n):> 
1) Add Data
2) Display Data
3) Remove Zip
4) Load XML
5) Write XML
6) Find a Cars of Make in Zip
7) Find a Service
8) Total Value Insured
9) Insurance For
0) Quit

Choice:> what zip code:> 
what element (owner, car shop ):> name:> 
what element (vehicle, claim):> make:> model:> year:> value:> Added Vehicle
Add another Owner element (y/n):> 
what element (vehicle, claim):> make:> model:> year:> value:> Added Vehicle
Add another Owner element (y/n):> 
what element (vehicle, claim):> date:> Added Claim
Add another Owner element (y/n):> 
what element (vehicle, claim):> date:> Added Claim
Add another Owner element (y/n):> Added Owner
Add another zip code element (y/n):> 
what element (owner, car shop ):> name:> 
what element (vehicle, claim):> make:> model:> year:> value:> Added Vehicle
Add another Owner element (y/n):> Added Owner
Add another zip code element (y/n):> 
what element (owner, car shop ):> name:> code:> description:> Add another element (y/n):> code:> description:> Add another element (y/n):> code:> description:> Add another element (y/n):> Added Car Shop
Add another zip code element (y/n):> 
what element (owner, car shop ):> name:> code:> description:> Add another element (y/n):> Added Car Shop
Add another zip code element (y/n):> 
1) Add Data
2) Display Data
3) Remove Zip
4) Load XML
5) Write XML
6) Find a Cars of Make in Zip
7) Find a Service
8) Total Value Insured
9) Insurance For
0) Quit

Choice:> Zip Code: 57701
======================================================
  *****************************************************
  Harold
  Vehicle(s)
    Vehicle: Make: Ford      Model: Taurus    Year: 2015      Value: $1000      
  Claim(s)

  *****************************************************



Zip Code: 57702
======================================================
  *****************************************************
  Bob
  Vehicle(s)

  Claim(s)
    Claim: 12-16-2016
  *****************************************************



Zip Code: 57703
======================================================

  .....................................................
  Car Shop: Easy Fix
    (1) Oil change: $36
  .....................................................


Zip Code: 57704
======================================================
  *****************************************************
  Patty
  Vehicle(s)
    Vehicle: Make: Honda     Model: HR-V      Year: 2010      Value: $1500      
    Vehicle: Make: Chevrolet Model: Impala    Year: 2015      Value: $18500     
  Claim(s)
    Claim: 12-12-2020
    Claim: 2-29-2015
  *****************************************************

  *****************************************************
  Phil
  Vehicle(s)
    Vehicle: Make: Toyota    Model: Tundra    Year: 2012      Value: $22000     
  Claim(s)

  *****************************************************

  .....................................................
  Car Shop: Bob's Fix It
    (1) Oil change: $36
    (22) Tire change: $150
    (12) New battery: $110
  .....................................................

  .....................................................
  Car Shop: ABC Car Repair
    (75) Hail repair
  .....................................................


1) Add Data
2) Display Data
3) Remove Zip
4) Load XML
5) Write XML
6) Find a Cars of Make in Zip
7) Find a Service
8) Total Value Insured
9) Insurance For
0) Quit

Choice:> File name:> 
1) Add Data
2) Display Data
3) Remove Zip
4) Load XML
5) Write XML
6) Find a Cars of Make in Zip
7) Find a Service
8) Total Value Insured
9) Insurance For
0) Quit

Choice:> 