 
1) Add Data 
2) Display Data 
3) Remove Zip 
4) Load XML 
5) Write XML 
6) Find a Cars of Make in Zip 
7) Find a Service 
8) Total Value Insured 
9) Insurance For 
0) Quit 
 
Choice:> [34;1m2[0m
 
 
 
1) Add Data 
2) Display Data 
3) Remove Zip 
4) Load XML 
5) Write XML 
6) Find a Cars of Make in Zip 
7) Find a Service 
8) Total Value Insured 
9) Insurance For 
0) Quit 
 
Choice:> [34;1m4[0m
File name:> [34;1mdoesNotExist.xml[0m
Could not open file: doesNotExist.xml (The system cannot find the file specified) 
 
1) Add Data 
2) Display Data 
3) Remove Zip 
4) Load XML 
5) Write XML 
6) Find a Cars of Make in Zip 
7) Find a Service 
8) Total Value Insured 
9) Insurance For 
0) Quit 
 
Choice:> [34;1m4[0m
File name:> [34;1msingleBad.xml[0m
Invalid xml file. Needs to be an InsuranceData xml file 
 
1) Add Data 
2) Display Data 
3) Remove Zip 
4) Load XML 
5) Write XML 
6) Find a Cars of Make in Zip 
7) Find a Service 
8) Total Value Insured 
9) Insurance For 
0) Quit 
 
Choice:> [34;1m4[0m
File name:> [34;1mmessy.xml[0m
 
1) Add Data 
2) Display Data 
3) Remove Zip 
4) Load XML 
5) Write XML 
6) Find a Cars of Make in Zip 
7) Find a Service 
8) Total Value Insured 
9) Insurance For 
0) Quit 
 
Choice:> [34;1m2[0m
 
Zip Code: 57702  
====================================================== 
  ***************************************************** 
  Bob  
  Vehicle(s)  
 
  Claim(s)  
    Claim: 12-16-2016 
  ***************************************************** 
Zip Code: 57704  
====================================================== 
  ***************************************************** 
    
  Vehicle(s)  
    Vehicle: Make: Honda     Model: HR-V      Year: 2010      Value: $1500       
    Vehicle: Make:           Model:           Year: 0         Value: $0          
  Claim(s)  
    Claim: 12-12-2020 
    Claim: 2-29-2015 
  ***************************************************** 
  ***************************************************** 
  Phil  
  Vehicle(s)  
    Vehicle: Make: Toyota    Model: Tundra    Year: 2012      Value: $22000      
  Claim(s)  
 
  ***************************************************** 
  ..................................................... 
  Car Shop:  
    (1) Oil change: $36 
    (22)  
    (12) New battery: $110 
  ..................................................... 
  ..................................................... 
  Car Shop: ABC Car Repair 
    (75) Hail repair 
  ..................................................... 
 
1) Add Data 
2) Display Data 
3) Remove Zip 
4) Load XML 
5) Write XML 
6) Find a Cars of Make in Zip 
7) Find a Service 
8) Total Value Insured 
9) Insurance For 
0) Quit 
 
Choice:> [34;1m0[0m
 
